System check identified some issues:

WARNINGS:
accounts.User: (models.W042) Auto-created primary key used when not defining a primary key type, by default 'django.db.models.AutoField'.
	HINT: Configure the DEFAULT_AUTO_FIELD setting or the AccountsConfig.default_auto_field attribute to point to a subclass of AutoField, e.g. 'django.db.models.BigAutoField'.
Operations to perform:
  Apply all migrations: accounts, admin, auth, contenttypes, files, sessions
Running migrations:
  Applying accounts.0002_alter_user_id_alter_user_username...Traceback (most recent call last):
  File "C:\Users\rauna\AppData\Local\Programs\Python\Python313\Lib\site-packages\django\db\backends\utils.py", line 103, in _execute
    return self.cursor.execute(sql)
           ~~~~~~~~~~~~~~~~~~~^^^^^
  File "C:\Users\rauna\AppData\Local\Programs\Python\Python313\Lib\site-packages\django\db\backends\sqlite3\base.py", line 350, in execute
    return super().execute(query)
           ~~~~~~~~~~~~~~~^^^^^^^
sqlite3.OperationalError: near "None": syntax error

The above exception was the direct cause of the following exception:

Traceback (most recent call last):
  File "C:\Users\rauna\OneDrive\Desktop\file_sharing\file_sharing\manage.py", line 22, in <module>
    main()
    ~~~~^^
  File "C:\Users\rauna\OneDrive\Desktop\file_sharing\file_sharing\manage.py", line 18, in main
    execute_from_command_line(sys.argv)
    ~~~~~~~~~~~~~~~~~~~~~~~~~^^^^^^^^^^
  File "C:\Users\rauna\AppData\Local\Programs\Python\Python313\Lib\site-packages\django\core\management\__init__.py", line 442, in execute_from_command_line
    utility.execute()
    ~~~~~~~~~~~~~~~^^
  File "C:\Users\rauna\AppData\Local\Programs\Python\Python313\Lib\site-packages\django\core\management\__init__.py", line 436, in execute
    self.fetch_command(subcommand).run_from_argv(self.argv)
    ~~~~~~~~~~~~~~~~~~~~~~~~~~~~~~~~~~~~~~~~~~~~^^^^^^^^^^^
  File "C:\Users\rauna\AppData\Local\Programs\Python\Python313\Lib\site-packages\django\core\management\base.py", line 413, in run_from_argv
    self.execute(*args, **cmd_options)
    ~~~~~~~~~~~~^^^^^^^^^^^^^^^^^^^^^^
  File "C:\Users\rauna\AppData\Local\Programs\Python\Python313\Lib\site-packages\django\core\management\base.py", line 459, in execute
    output = self.handle(*args, **options)
  File "C:\Users\rauna\AppData\Local\Programs\Python\Python313\Lib\site-packages\django\core\management\base.py", line 107, in wrapper
    res = handle_func(*args, **kwargs)
  File "C:\Users\rauna\AppData\Local\Programs\Python\Python313\Lib\site-packages\django\core\management\commands\migrate.py", line 357, in handle
    post_migrate_state = executor.migrate(
        targets,
    ...<3 lines>...
        fake_initial=fake_initial,
    )
  File "C:\Users\rauna\AppData\Local\Programs\Python\Python313\Lib\site-packages\django\db\migrations\executor.py", line 135, in migrate
    state = self._migrate_all_forwards(
        state, plan, full_plan, fake=fake, fake_initial=fake_initial
    )
  File "C:\Users\rauna\AppData\Local\Programs\Python\Python313\Lib\site-packages\django\db\migrations\executor.py", line 167, in _migrate_all_forwards
    state = self.apply_migration(
        state, migration, fake=fake, fake_initial=fake_initial
    )
  File "C:\Users\rauna\AppData\Local\Programs\Python\Python313\Lib\site-packages\django\db\migrations\executor.py", line 255, in apply_migration
    state = migration.apply(state, schema_editor)
  File "C:\Users\rauna\AppData\Local\Programs\Python\Python313\Lib\site-packages\django\db\migrations\migration.py", line 132, in apply
    operation.database_forwards(
    ~~~~~~~~~~~~~~~~~~~~~~~~~~~^
        self.app_label, schema_editor, old_state, project_state
        ^^^^^^^^^^^^^^^^^^^^^^^^^^^^^^^^^^^^^^^^^^^^^^^^^^^^^^^
    )
    ^
  File "C:\Users\rauna\AppData\Local\Programs\Python\Python313\Lib\site-packages\django\db\migrations\operations\fields.py", line 241, in database_forwards
    schema_editor.alter_field(from_model, from_field, to_field)
    ~~~~~~~~~~~~~~~~~~~~~~~~~^^^^^^^^^^^^^^^^^^^^^^^^^^^^^^^^^^
  File "C:\Users\rauna\AppData\Local\Programs\Python\Python313\Lib\site-packages\django\db\backends\base\schema.py", line 905, in alter_field
    self._alter_field(
    ~~~~~~~~~~~~~~~~~^
        model,
        ^^^^^^
    ...<6 lines>...
        strict,
        ^^^^^^^
    )
    ^
  File "C:\Users\rauna\AppData\Local\Programs\Python\Python313\Lib\site-packages\django\db\backends\sqlite3\schema.py", line 378, in _alter_field
    self._remake_table(model, alter_fields=[(old_field, new_field)])
    ~~~~~~~~~~~~~~~~~~^^^^^^^^^^^^^^^^^^^^^^^^^^^^^^^^^^^^^^^^^^^^^^
  File "C:\Users\rauna\AppData\Local\Programs\Python\Python313\Lib\site-packages\django\db\backends\sqlite3\schema.py", line 243, in _remake_table
    self.create_model(new_model)
    ~~~~~~~~~~~~~~~~~^^^^^^^^^^^
  File "C:\Users\rauna\AppData\Local\Programs\Python\Python313\Lib\site-packages\django\db\backends\base\schema.py", line 505, in create_model
    self.execute(sql, params or None)
    ~~~~~~~~~~~~^^^^^^^^^^^^^^^^^^^^^
  File "C:\Users\rauna\AppData\Local\Programs\Python\Python313\Lib\site-packages\django\db\backends\base\schema.py", line 202, in execute
    cursor.execute(sql, params)
    ~~~~~~~~~~~~~~^^^^^^^^^^^^^
  File "C:\Users\rauna\AppData\Local\Programs\Python\Python313\Lib\site-packages\django\db\backends\utils.py", line 122, in execute
    return super().execute(sql, params)
           ~~~~~~~~~~~~~~~^^^^^^^^^^^^^
  File "C:\Users\rauna\AppData\Local\Programs\Python\Python313\Lib\site-packages\django\db\backends\utils.py", line 79, in execute
    return self._execute_with_wrappers(
           ~~~~~~~~~~~~~~~~~~~~~~~~~~~^
        sql, params, many=False, executor=self._execute
        ^^^^^^^^^^^^^^^^^^^^^^^^^^^^^^^^^^^^^^^^^^^^^^^
    )
    ^
  File "C:\Users\rauna\AppData\Local\Programs\Python\Python313\Lib\site-packages\django\db\backends\utils.py", line 92, in _execute_with_wrappers
    return executor(sql, params, many, context)
  File "C:\Users\rauna\AppData\Local\Programs\Python\Python313\Lib\site-packages\django\db\backends\utils.py", line 100, in _execute
    with self.db.wrap_database_errors:
         ^^^^^^^^^^^^^^^^^^^^^^^^^^^^
  File "C:\Users\rauna\AppData\Local\Programs\Python\Python313\Lib\site-packages\django\db\utils.py", line 91, in __exit__
    raise dj_exc_value.with_traceback(traceback) from exc_value
  File "C:\Users\rauna\AppData\Local\Programs\Python\Python313\Lib\site-packages\django\db\backends\utils.py", line 103, in _execute
    return self.cursor.execute(sql)
           ~~~~~~~~~~~~~~~~~~~^^^^^
  File "C:\Users\rauna\AppData\Local\Programs\Python\Python313\Lib\site-packages\django\db\backends\sqlite3\base.py", line 350, in execute
    return super().execute(query)
           ~~~~~~~~~~~~~~~^^^^^^^
django.db.utils.OperationalError: near "None": syntax error
